<?xml version="1.0" encoding="UTF-8"?>
<!-- Generated by org.testng.reporters.JUnitReportReporter -->
<testsuite hostname="LAPTOP-7RFFBFF8" name="com.Employeeapitestcases.TC002_Get_Single_Employees" tests="6" failures="0" timestamp="12 Aug 2022 09:53:29 GMT" time="0.023" errors="0">
  <testcase name="checkServerType" time="0.000" classname="com.Employeeapitestcases.TC002_Get_Single_Employees"/>
  <testcase name="checkContentType" time="0.002" classname="com.Employeeapitestcases.TC002_Get_Single_Employees"/>
  <testcase name="checkResponseBody" time="0.014" classname="com.Employeeapitestcases.TC002_Get_Single_Employees"/>
  <testcase name="checkContentLength" time="0.006" classname="com.Employeeapitestcases.TC002_Get_Single_Employees"/>
  <testcase name="checkStatusCode" time="0.000" classname="com.Employeeapitestcases.TC002_Get_Single_Employees"/>
  <testcase name="checkStatusLine" time="0.001" classname="com.Employeeapitestcases.TC002_Get_Single_Employees"/>
</testsuite> <!-- com.Employeeapitestcases.TC002_Get_Single_Employees -->
